app/build/intermediates/manifest_merge_blame_file/debug/manifest-merger-blame-debug-report.txt
1<?xml version="1.0" encoding="utf-8"?>
2<manifest xmlns:android="http://schemas.android.com/apk/res/android"
3    package="com.example.squidarcade"
4    android:versionCode="1"
5    android:versionName="1.0" >
6
7    <uses-sdk
8        android:minSdkVersion="26"
8-->src\main\AndroidManifest.xml
9        android:targetSdkVersion="32" />
9-->src\main\AndroidManifest.xml
10
11    <application
11-->src\main\AndroidManifest.xml:5:5-23:19
12        android:allowBackup="true"
12-->src\main\AndroidManifest.xml:6:9-35
13        android:appComponentFactory="androidx.core.app.CoreComponentFactory"
13-->[androidx.core:core:1.7.0] AndroidManifest.xml:24:18-86
14        android:debuggable="true"
15        android:extractNativeLibs="false"
16        android:icon="@mipmap/ic_launcher"
16-->src\main\AndroidManifest.xml:7:9-43
17        android:label="@string/app_name"
17-->src\main\AndroidManifest.xml:8:9-41
18        android:roundIcon="@mipmap/ic_launcher_round"
18-->src\main\AndroidManifest.xml:9:9-54
19        android:supportsRtl="true"
19-->src\main\AndroidManifest.xml:10:9-35
20        android:testOnly="true"
21        android:theme="@style/Theme.SquidArcade" >
21-->src\main\AndroidManifest.xml:11:9-49
22        <activity
22-->src\main\AndroidManifest.xml:12:9-19:20
23            android:name="com.example.squidarcade.Activity_main"
23-->src\main\AndroidManifest.xml:13:13-42
24            android:exported="true" >
24-->src\main\AndroidManifest.xml:14:13-36
25            <intent-filter>
25-->src\main\AndroidManifest.xml:15:13-18:29
26                <action android:name="android.intent.action.MAIN" />
26-->src\main\AndroidManifest.xml:16:17-68
26-->src\main\AndroidManifest.xml:16:25-66
27
28                <category android:name="android.intent.category.LAUNCHER" />
28-->src\main\AndroidManifest.xml:17:17-76
28-->src\main\AndroidManifest.xml:17:27-74
29            </intent-filter>
30        </activity>
31        <activity
31-->src\main\AndroidManifest.xml:20:9-22:40
32            android:name="com.example.squidarcade.Singleplayer"
32-->src\main\AndroidManifest.xml:21:13-41
33            android:exported="false" />
33-->src\main\AndroidManifest.xml:22:13-37
34
35        <provider
35-->[androidx.emoji2:emoji2:1.0.0] AndroidManifest.xml:26:9-34:20
36            android:name="androidx.startup.InitializationProvider"
36-->[androidx.emoji2:emoji2:1.0.0] AndroidManifest.xml:27:13-67
37            android:authorities="com.example.squidarcade.androidx-startup"
37-->[androidx.emoji2:emoji2:1.0.0] AndroidManifest.xml:28:13-68
38            android:exported="false" >
38-->[androidx.emoji2:emoji2:1.0.0] AndroidManifest.xml:29:13-37
39            <meta-data
39-->[androidx.emoji2:emoji2:1.0.0] AndroidManifest.xml:31:13-33:52
40                android:name="androidx.emoji2.text.EmojiCompatInitializer"
40-->[androidx.emoji2:emoji2:1.0.0] AndroidManifest.xml:32:17-75
41                android:value="androidx.startup" />
41-->[androidx.emoji2:emoji2:1.0.0] AndroidManifest.xml:33:17-49
42            <meta-data
42-->[androidx.lifecycle:lifecycle-process:2.4.0] AndroidManifest.xml:31:13-33:52
43                android:name="androidx.lifecycle.ProcessLifecycleInitializer"
43-->[androidx.lifecycle:lifecycle-process:2.4.0] AndroidManifest.xml:32:17-78
44                android:value="androidx.startup" />
44-->[androidx.lifecycle:lifecycle-process:2.4.0] AndroidManifest.xml:33:17-49
45        </provider>
46
47        <uses-library
47-->[androidx.window:window:1.0.0] AndroidManifest.xml:25:9-27:40
48            android:name="androidx.window.extensions"
48-->[androidx.window:window:1.0.0] AndroidManifest.xml:26:13-54
49            android:required="false" />
49-->[androidx.window:window:1.0.0] AndroidManifest.xml:27:13-37
50        <uses-library
50-->[androidx.window:window:1.0.0] AndroidManifest.xml:28:9-30:40
51            android:name="androidx.window.sidecar"
51-->[androidx.window:window:1.0.0] AndroidManifest.xml:29:13-51
52            android:required="false" />
52-->[androidx.window:window:1.0.0] AndroidManifest.xml:30:13-37
53    </application>
54
55</manifest>